<?xml version="1.0" encoding="UTF-8"?>
<!-- Generated by org.testng.reporters.JUnitReportReporter -->
<testsuite hostname="HPEliteBook" failures="0" tests="1" name="busyqa.tests.FinmunTests" time="24.684" errors="0" timestamp="2025-02-14T12:40:34 EST" skipped="0">
  <testcase classname="busyqa.tests.FinmunTests" name="TestCopyWebtablesToExcelFile" time="24.684"/>
</testsuite> <!-- busyqa.tests.FinmunTests -->
