<?xml version="1.0" encoding="UTF-8"?>
<!-- Generated by org.testng.reporters.JUnitReportReporter -->
<testsuite hostname="HPEliteBook" failures="0" tests="1" name="busyqa.tests.finmuntests" time="478.665" errors="0" timestamp="2025-02-11T22:06:50 EST" skipped="0">
  <testcase classname="busyqa.tests.finmuntests" name="Test1" time="478.665"/>
</testsuite> <!-- busyqa.tests.finmuntests -->
