<?xml version="1.0" encoding="UTF-8"?>
<!-- Generated by org.testng.reporters.JUnitReportReporter -->
<testsuite hostname="HPEliteBook" failures="0" tests="1" name="busyqa.tests.FinmunTests" time="25.675" errors="0" timestamp="2025-02-13T21:03:34 EST" skipped="0">
  <testcase classname="busyqa.tests.FinmunTests" name="TestCopyWebtablesToExcelFile" time="25.675"/>
</testsuite> <!-- busyqa.tests.FinmunTests -->
