<?xml version="1.0" encoding="UTF-8"?>
<!-- Generated by org.testng.reporters.JUnitReportReporter -->
<testsuite hostname="HPEliteBook" failures="0" tests="1" name="busyqa.tests.FinmunTests" time="446.684" errors="0" timestamp="2025-02-15T10:07:27 EST" skipped="0">
  <testcase classname="busyqa.tests.FinmunTests" name="TestCopyWebtablesToExcelFile" time="446.684"/>
</testsuite> <!-- busyqa.tests.FinmunTests -->
